<?xml version="1.0" encoding="UTF-8"?>
<!-- Generated by org.testng.reporters.JUnitReportReporter -->
<testsuite skipped="0" hostname="welcome-PC" name="com.crm.qa.testcases.LoginPageTest" tests="3" failures="0" timestamp="07 Jul 2019 23:45:45 GMT" time="38.329" errors="0">
  <testcase name="loginPageTitleTest" time="12.273" classname="com.crm.qa.testcases.LoginPageTest"/>
  <testcase name="crmLogoTest" time="9.981" classname="com.crm.qa.testcases.LoginPageTest"/>
  <testcase name="loginTest" time="16.075" classname="com.crm.qa.testcases.LoginPageTest"/>
</testsuite> <!-- com.crm.qa.testcases.LoginPageTest -->
