<?xml version="1.0" encoding="UTF-8"?>
<!-- Generated by org.testng.reporters.JUnitReportReporter -->
<testsuite skipped="0" hostname="welcome-PC" name="com.crm.qa.testcases.HomePageTest" tests="1" failures="0" timestamp="07 Jul 2019 23:50:29 GMT" time="21.306" errors="0">
  <testcase name="verifyHomePageTitleTest" time="21.306" classname="com.crm.qa.testcases.HomePageTest"/>
</testsuite> <!-- com.crm.qa.testcases.HomePageTest -->
