<?xml version="1.0" encoding="UTF-8"?>
<!-- Generated by org.testng.reporters.JUnitReportReporter -->
<testsuite skipped="0" hostname="welcome-PC" name="com.crm.qa.testcases.HomePageTest" tests="1" failures="0" timestamp="03 Jun 2019 17:02:18 GMT" time="13.988" errors="0">
  <testcase name="verifyHomePageTitleTest" time="13.988" classname="com.crm.qa.testcases.HomePageTest"/>
</testsuite> <!-- com.crm.qa.testcases.HomePageTest -->
