<?xml version="1.0" encoding="UTF-8"?>
<!-- Generated by org.testng.reporters.JUnitReportReporter -->
<testsuite skipped="0" hostname="welcome-PC" name="com.crm.qa.testcases.LoginPageTest" tests="1" failures="0" timestamp="07 Jul 2019 23:50:29 GMT" time="8.388" errors="0">
  <testcase name="loginPageTitleTest" time="8.388" classname="com.crm.qa.testcases.LoginPageTest"/>
</testsuite> <!-- com.crm.qa.testcases.LoginPageTest -->
