<?xml version="1.0" encoding="UTF-8"?>
<!-- Generated by org.testng.reporters.JUnitReportReporter -->
<testsuite skipped="0" hostname="welcome-PC" name="com.crm.qa.testcases.ContactsPageTest" tests="1" failures="0" timestamp="03 Jun 2019 17:02:18 GMT" time="36.929" errors="0">
  <testcase name="verifyContactsPageLabelTest" time="36.929" classname="com.crm.qa.testcases.ContactsPageTest"/>
</testsuite> <!-- com.crm.qa.testcases.ContactsPageTest -->
